INFO [acme.Launcher] Starting Launcher using Java 1.8.0_221 on CAPONATA with PID 21788 (D:\Courses\D&T\20-21\Workspace-21.2\Starters\Starter-Project\target\classes started by corchu in D:\Courses\D&T\20-21\Workspace-21.2\Starters\Starter-Project)
INFO [acme.Launcher] The following profiles are active: development,populator
INFO [acme.Launcher] Started Launcher in 4.966 seconds (JVM running for 5.623)
INFO [acme.framework.utilities.DatabasePopulator] Populating sample data
INFO [acme.framework.utilities.DatabasePopulator] Recreating schema
INFO [acme.framework.utilities.DatabasePopulator] Populating entities from classpath:/WEB-INF/population/initial-data.xml
INFO [acme.framework.utilities.DatabasePopulator] Validating your entities.
INFO [acme.framework.utilities.DatabasePopulator] Validating anonymousUserAccount ... PASS
INFO [acme.framework.utilities.DatabasePopulator] Validating anonymousAnonymous ... PASS
INFO [acme.framework.utilities.DatabasePopulator] Validating administratorUserAccount ... PASS
INFO [acme.framework.utilities.DatabasePopulator] Validating administratorAdministrator ... PASS
INFO [acme.framework.utilities.DatabasePopulator] Validating administratorAuthenticated ... PASS
INFO [acme.framework.utilities.DatabasePopulator] Sorting your entities topologically.
INFO [acme.framework.utilities.DatabasePopulator] > Setting index 0 for anonymousUserAccount.
INFO [acme.framework.utilities.DatabasePopulator] > Setting index 1 for anonymousAnonymous.
INFO [acme.framework.utilities.DatabasePopulator] > Setting index 2 for administratorUserAccount.
INFO [acme.framework.utilities.DatabasePopulator] > Setting index 3 for administratorAdministrator.
INFO [acme.framework.utilities.DatabasePopulator] > Setting index 4 for administratorAuthenticated.
INFO [acme.framework.utilities.DatabasePopulator] Persiting your entities.
INFO [acme.framework.utilities.DatabasePopulator] > Persisting anonymousUserAccount = acme.framework.entities.UserAccount{id=1, version=0}
INFO [acme.framework.utilities.DatabasePopulator] > Persisting anonymousAnonymous = acme.framework.entities.Anonymous{id=2, version=0}
INFO [acme.framework.utilities.DatabasePopulator] > Persisting administratorUserAccount = acme.framework.entities.UserAccount{id=3, version=0}
INFO [acme.framework.utilities.DatabasePopulator] > Persisting administratorAdministrator = acme.framework.entities.Administrator{id=4, version=0}
INFO [acme.framework.utilities.DatabasePopulator] > Persisting administratorAuthenticated = acme.framework.entities.Authenticated{id=5, version=0}
INFO [acme.framework.utilities.DatabasePopulator] Populating entities from classpath:/WEB-INF/population/sample-data.xml
INFO [acme.framework.utilities.DatabasePopulator] Validating your entities.
INFO [acme.framework.utilities.DatabasePopulator] Sorting your entities topologically.
INFO [acme.framework.utilities.DatabasePopulator] Persiting your entities.
INFO [acme.framework.configuration.ShutdownConfiguration] The system is shutting down...
INFO [acme.Launcher] Starting Launcher using Java 1.8.0_221 on CAPONATA with PID 19292 (D:\Courses\D&T\20-21\Workspace-21.2\Starters\Starter-Project\target\classes started by corchu in D:\Courses\D&T\20-21\Workspace-21.2\Starters\Starter-Project)
INFO [acme.Launcher] The following profiles are active: development,populator
INFO [acme.Launcher] Started Launcher in 5.143 seconds (JVM running for 5.797)
INFO [acme.framework.utilities.DatabasePopulator] Populating sample data
INFO [acme.framework.utilities.DatabasePopulator] Recreating schema
INFO [acme.framework.utilities.DatabasePopulator] Populating entities from classpath:/WEB-INF/population/initial-data.xml
INFO [acme.framework.utilities.DatabasePopulator] Validating your entities.
INFO [acme.framework.utilities.DatabasePopulator] Validating anonymousUserAccount ... PASS
INFO [acme.framework.utilities.DatabasePopulator] Validating anonymousAnonymous ... PASS
INFO [acme.framework.utilities.DatabasePopulator] Validating administratorUserAccount ... PASS
INFO [acme.framework.utilities.DatabasePopulator] Validating administratorAdministrator ... PASS
INFO [acme.framework.utilities.DatabasePopulator] Validating administratorAuthenticated ... PASS
INFO [acme.framework.utilities.DatabasePopulator] Sorting your entities topologically.
INFO [acme.framework.utilities.DatabasePopulator] > Setting index 0 for anonymousUserAccount.
INFO [acme.framework.utilities.DatabasePopulator] > Setting index 1 for anonymousAnonymous.
INFO [acme.framework.utilities.DatabasePopulator] > Setting index 2 for administratorUserAccount.
INFO [acme.framework.utilities.DatabasePopulator] > Setting index 3 for administratorAdministrator.
INFO [acme.framework.utilities.DatabasePopulator] > Setting index 4 for administratorAuthenticated.
INFO [acme.framework.utilities.DatabasePopulator] Persiting your entities.
INFO [acme.framework.utilities.DatabasePopulator] > Persisting anonymousUserAccount = acme.framework.entities.UserAccount{id=1, version=0}
INFO [acme.framework.utilities.DatabasePopulator] > Persisting anonymousAnonymous = acme.framework.entities.Anonymous{id=2, version=0}
INFO [acme.framework.utilities.DatabasePopulator] > Persisting administratorUserAccount = acme.framework.entities.UserAccount{id=3, version=0}
INFO [acme.framework.utilities.DatabasePopulator] > Persisting administratorAdministrator = acme.framework.entities.Administrator{id=4, version=0}
INFO [acme.framework.utilities.DatabasePopulator] > Persisting administratorAuthenticated = acme.framework.entities.Authenticated{id=5, version=0}
INFO [acme.framework.utilities.DatabasePopulator] Populating entities from classpath:/WEB-INF/population/sample-data.xml
INFO [acme.framework.utilities.DatabasePopulator] Validating your entities.
INFO [acme.framework.utilities.DatabasePopulator] Sorting your entities topologically.
INFO [acme.framework.utilities.DatabasePopulator] Persiting your entities.
INFO [acme.framework.configuration.ShutdownConfiguration] The system is shutting down...
INFO [acme.Launcher] Starting Launcher using Java 1.8.0_221 on CAPONATA with PID 3900 (D:\Courses\D&T\20-21\Workspace-21.2\Starters\Starter-Project\target\classes started by corchu in D:\Courses\D&T\20-21\Workspace-21.2\Starters\Starter-Project)
INFO [acme.Launcher] The following profiles are active: development,populator
INFO [acme.Launcher] Started Launcher in 5.325 seconds (JVM running for 5.969)
INFO [acme.framework.utilities.DatabasePopulator] Populating initial data
INFO [acme.framework.utilities.DatabasePopulator] Recreating schema
INFO [acme.framework.utilities.DatabasePopulator] Populating entities from classpath:/WEB-INF/population/initial-data.xml
INFO [acme.framework.utilities.DatabasePopulator] Validating your entities.
INFO [acme.framework.utilities.DatabasePopulator] Validating anonymousUserAccount ... PASS
INFO [acme.framework.utilities.DatabasePopulator] Validating anonymousAnonymous ... PASS
INFO [acme.framework.utilities.DatabasePopulator] Validating administratorUserAccount ... PASS
INFO [acme.framework.utilities.DatabasePopulator] Validating administratorAdministrator ... PASS
INFO [acme.framework.utilities.DatabasePopulator] Validating administratorAuthenticated ... PASS
INFO [acme.framework.utilities.DatabasePopulator] Sorting your entities topologically.
INFO [acme.framework.utilities.DatabasePopulator] > Setting index 0 for anonymousUserAccount.
INFO [acme.framework.utilities.DatabasePopulator] > Setting index 1 for anonymousAnonymous.
INFO [acme.framework.utilities.DatabasePopulator] > Setting index 2 for administratorUserAccount.
INFO [acme.framework.utilities.DatabasePopulator] > Setting index 3 for administratorAdministrator.
INFO [acme.framework.utilities.DatabasePopulator] > Setting index 4 for administratorAuthenticated.
INFO [acme.framework.utilities.DatabasePopulator] Persiting your entities.
INFO [acme.framework.utilities.DatabasePopulator] > Persisting anonymousUserAccount = acme.framework.entities.UserAccount{id=1, version=0}
INFO [acme.framework.utilities.DatabasePopulator] > Persisting anonymousAnonymous = acme.framework.entities.Anonymous{id=2, version=0}
INFO [acme.framework.utilities.DatabasePopulator] > Persisting administratorUserAccount = acme.framework.entities.UserAccount{id=3, version=0}
INFO [acme.framework.utilities.DatabasePopulator] > Persisting administratorAdministrator = acme.framework.entities.Administrator{id=4, version=0}
INFO [acme.framework.utilities.DatabasePopulator] > Persisting administratorAuthenticated = acme.framework.entities.Authenticated{id=5, version=0}
INFO [acme.framework.configuration.ShutdownConfiguration] The system is shutting down...
WARN [org.hibernate.orm.connections.pooling] HHH10001002: Using Hibernate built-in connection pool (not for production use!)
INFO [acme.Launcher] Starting Launcher using Java 1.8.0_281 on LAPTOP-N0RHD6ME with PID 18648 (C:\Users\ninov\OneDrive\Escritorio\Workspace-21.1\Projects\Acme-Planner\target\classes started by ninov in C:\Users\ninov\OneDrive\Escritorio\Workspace-21.1\Projects\Acme-Planner)
INFO [acme.Launcher] The following profiles are active: development,populator
INFO [acme.Launcher] Started Launcher in 18.59 seconds (JVM running for 22.723)
INFO [acme.framework.utilities.DatabasePopulator] Populating sample data
INFO [acme.framework.utilities.DatabasePopulator] Recreating schema
INFO [acme.framework.utilities.DatabasePopulator] Populating entities from classpath:/WEB-INF/population/initial-data.xml
INFO [acme.framework.utilities.DatabasePopulator] Validating your entities.
INFO [acme.framework.utilities.DatabasePopulator] Validating anonymousUserAccount ... PASS
INFO [acme.framework.utilities.DatabasePopulator] Validating anonymousAnonymous ... PASS
INFO [acme.framework.utilities.DatabasePopulator] Validating administratorUserAccount ... PASS
INFO [acme.framework.utilities.DatabasePopulator] Validating administratorAdministrator ... PASS
INFO [acme.framework.utilities.DatabasePopulator] Validating administratorAuthenticated ... PASS
INFO [acme.framework.utilities.DatabasePopulator] Sorting your entities topologically.
INFO [acme.framework.utilities.DatabasePopulator] > Setting index 0 for anonymousUserAccount.
INFO [acme.framework.utilities.DatabasePopulator] > Setting index 1 for anonymousAnonymous.
INFO [acme.framework.utilities.DatabasePopulator] > Setting index 2 for administratorUserAccount.
INFO [acme.framework.utilities.DatabasePopulator] > Setting index 3 for administratorAdministrator.
INFO [acme.framework.utilities.DatabasePopulator] > Setting index 4 for administratorAuthenticated.
INFO [acme.framework.utilities.DatabasePopulator] Persiting your entities.
INFO [acme.framework.utilities.DatabasePopulator] > Persisting anonymousUserAccount = acme.framework.entities.UserAccount{id=1, version=0}
INFO [acme.framework.utilities.DatabasePopulator] > Persisting anonymousAnonymous = acme.framework.entities.Anonymous{id=2, version=0}
INFO [acme.framework.utilities.DatabasePopulator] > Persisting administratorUserAccount = acme.framework.entities.UserAccount{id=3, version=0}
INFO [acme.framework.utilities.DatabasePopulator] > Persisting administratorAdministrator = acme.framework.entities.Administrator{id=4, version=0}
INFO [acme.framework.utilities.DatabasePopulator] > Persisting administratorAuthenticated = acme.framework.entities.Authenticated{id=5, version=0}
INFO [acme.framework.utilities.DatabasePopulator] Populating entities from classpath:/WEB-INF/population/sample-data.xml
INFO [acme.framework.configuration.ShutdownConfiguration] The system is shutting down...
INFO [acme.Launcher] Starting Launcher using Java 1.8.0_281 on LAPTOP-N0RHD6ME with PID 18204 (C:\Users\ninov\OneDrive\Escritorio\Workspace-21.1\Projects\Acme-Planner\target\classes started by ninov in C:\Users\ninov\OneDrive\Escritorio\Workspace-21.1\Projects\Acme-Planner)
INFO [acme.Launcher] The following profiles are active: development,populator
INFO [acme.Launcher] Started Launcher in 17.419 seconds (JVM running for 19.848)
INFO [acme.framework.utilities.DatabasePopulator] Populating sample data
INFO [acme.framework.utilities.DatabasePopulator] Recreating schema
INFO [acme.framework.utilities.DatabasePopulator] Populating entities from classpath:/WEB-INF/population/initial-data.xml
INFO [acme.framework.utilities.DatabasePopulator] Validating your entities.
INFO [acme.framework.utilities.DatabasePopulator] Validating anonymousUserAccount ... PASS
INFO [acme.framework.utilities.DatabasePopulator] Validating anonymousAnonymous ... PASS
INFO [acme.framework.utilities.DatabasePopulator] Validating administratorUserAccount ... PASS
INFO [acme.framework.utilities.DatabasePopulator] Validating administratorAdministrator ... PASS
INFO [acme.framework.utilities.DatabasePopulator] Validating administratorAuthenticated ... PASS
INFO [acme.framework.utilities.DatabasePopulator] Sorting your entities topologically.
INFO [acme.framework.utilities.DatabasePopulator] > Setting index 0 for anonymousUserAccount.
INFO [acme.framework.utilities.DatabasePopulator] > Setting index 1 for anonymousAnonymous.
INFO [acme.framework.utilities.DatabasePopulator] > Setting index 2 for administratorUserAccount.
INFO [acme.framework.utilities.DatabasePopulator] > Setting index 3 for administratorAdministrator.
INFO [acme.framework.utilities.DatabasePopulator] > Setting index 4 for administratorAuthenticated.
INFO [acme.framework.utilities.DatabasePopulator] Persiting your entities.
INFO [acme.framework.utilities.DatabasePopulator] > Persisting anonymousUserAccount = acme.framework.entities.UserAccount{id=1, version=0}
INFO [acme.framework.utilities.DatabasePopulator] > Persisting anonymousAnonymous = acme.framework.entities.Anonymous{id=2, version=0}
INFO [acme.framework.utilities.DatabasePopulator] > Persisting administratorUserAccount = acme.framework.entities.UserAccount{id=3, version=0}
INFO [acme.framework.utilities.DatabasePopulator] > Persisting administratorAdministrator = acme.framework.entities.Administrator{id=4, version=0}
INFO [acme.framework.utilities.DatabasePopulator] > Persisting administratorAuthenticated = acme.framework.entities.Authenticated{id=5, version=0}
INFO [acme.framework.utilities.DatabasePopulator] Populating entities from classpath:/WEB-INF/population/sample-data.xml
INFO [acme.framework.utilities.DatabasePopulator] Validating your entities.
INFO [acme.framework.utilities.DatabasePopulator] Validating shout01 ... PASS
INFO [acme.framework.utilities.DatabasePopulator] Validating shout02 ... PASS
INFO [acme.framework.utilities.DatabasePopulator] Validating shout03 ... PASS
INFO [acme.framework.utilities.DatabasePopulator] Sorting your entities topologically.
INFO [acme.framework.utilities.DatabasePopulator] > Setting index 0 for shout01.
INFO [acme.framework.utilities.DatabasePopulator] > Setting index 1 for shout02.
INFO [acme.framework.utilities.DatabasePopulator] > Setting index 2 for shout03.
INFO [acme.framework.utilities.DatabasePopulator] Persiting your entities.
INFO [acme.framework.utilities.DatabasePopulator] > Persisting shout01 = acme.entities.shouts.Shout{id=6, version=0}
INFO [acme.framework.utilities.DatabasePopulator] > Persisting shout02 = acme.entities.shouts.Shout{id=7, version=0}
INFO [acme.framework.utilities.DatabasePopulator] > Persisting shout03 = acme.entities.shouts.Shout{id=8, version=0}
INFO [acme.framework.configuration.ShutdownConfiguration] The system is shutting down...
INFO [acme.Launcher] Starting Launcher using Java 1.8.0_281 on LAPTOP-N0RHD6ME with PID 1400 (C:\Users\ninov\OneDrive\Escritorio\Workspace-21.1\Projects\Acme-Planner\target\classes started by ninov in C:\Users\ninov\OneDrive\Escritorio\Workspace-21.1\Projects\Acme-Planner)
INFO [acme.Launcher] The following profiles are active: development,populator
INFO [acme.Launcher] Started Launcher in 16.719 seconds (JVM running for 17.726)
INFO [acme.framework.utilities.DatabasePopulator] Populating sample data
INFO [acme.framework.utilities.DatabasePopulator] Recreating schema
INFO [acme.framework.utilities.DatabasePopulator] Populating entities from classpath:/WEB-INF/population/initial-data.xml
INFO [acme.framework.utilities.DatabasePopulator] Validating your entities.
INFO [acme.framework.utilities.DatabasePopulator] Validating anonymousUserAccount ... PASS
INFO [acme.framework.utilities.DatabasePopulator] Validating anonymousAnonymous ... PASS
INFO [acme.framework.utilities.DatabasePopulator] Validating administratorUserAccount ... PASS
INFO [acme.framework.utilities.DatabasePopulator] Validating administratorAdministrator ... PASS
INFO [acme.framework.utilities.DatabasePopulator] Validating administratorAuthenticated ... PASS
INFO [acme.framework.utilities.DatabasePopulator] Sorting your entities topologically.
INFO [acme.framework.utilities.DatabasePopulator] > Setting index 0 for anonymousUserAccount.
INFO [acme.framework.utilities.DatabasePopulator] > Setting index 1 for anonymousAnonymous.
INFO [acme.framework.utilities.DatabasePopulator] > Setting index 2 for administratorUserAccount.
INFO [acme.framework.utilities.DatabasePopulator] > Setting index 3 for administratorAdministrator.
INFO [acme.framework.utilities.DatabasePopulator] > Setting index 4 for administratorAuthenticated.
INFO [acme.framework.utilities.DatabasePopulator] Persiting your entities.
INFO [acme.framework.utilities.DatabasePopulator] > Persisting anonymousUserAccount = acme.framework.entities.UserAccount{id=1, version=0}
INFO [acme.framework.utilities.DatabasePopulator] > Persisting anonymousAnonymous = acme.framework.entities.Anonymous{id=2, version=0}
INFO [acme.framework.utilities.DatabasePopulator] > Persisting administratorUserAccount = acme.framework.entities.UserAccount{id=3, version=0}
INFO [acme.framework.utilities.DatabasePopulator] > Persisting administratorAdministrator = acme.framework.entities.Administrator{id=4, version=0}
INFO [acme.framework.utilities.DatabasePopulator] > Persisting administratorAuthenticated = acme.framework.entities.Authenticated{id=5, version=0}
INFO [acme.framework.utilities.DatabasePopulator] Populating entities from classpath:/WEB-INF/population/sample-data.xml
INFO [acme.framework.utilities.DatabasePopulator] Validating your entities.
INFO [acme.framework.utilities.DatabasePopulator] Validating shout01 ... PASS
INFO [acme.framework.utilities.DatabasePopulator] Validating shout02 ... PASS
INFO [acme.framework.utilities.DatabasePopulator] Validating shout03 ... PASS
INFO [acme.framework.utilities.DatabasePopulator] Sorting your entities topologically.
INFO [acme.framework.utilities.DatabasePopulator] > Setting index 0 for shout01.
INFO [acme.framework.utilities.DatabasePopulator] > Setting index 1 for shout02.
INFO [acme.framework.utilities.DatabasePopulator] > Setting index 2 for shout03.
INFO [acme.framework.utilities.DatabasePopulator] Persiting your entities.
INFO [acme.framework.utilities.DatabasePopulator] > Persisting shout01 = acme.entities.shouts.Shout{id=6, version=0}
INFO [acme.framework.utilities.DatabasePopulator] > Persisting shout02 = acme.entities.shouts.Shout{id=7, version=0}
INFO [acme.framework.utilities.DatabasePopulator] > Persisting shout03 = acme.entities.shouts.Shout{id=8, version=0}
INFO [acme.framework.configuration.ShutdownConfiguration] The system is shutting down...
ERROR [org.springframework.orm.jpa.LocalContainerEntityManagerFactoryBean] Failed to initialize JPA EntityManagerFactory: [PersistenceUnit: default] Unable to build Hibernate SessionFactory; nested exception is org.hibernate.tool.schema.spi.SchemaManagementException: Schema-validation: missing table [administrator]
WARN [org.springframework.boot.web.servlet.context.AnnotationConfigServletWebServerApplicationContext] Exception encountered during context initialization - cancelling refresh attempt: org.springframework.beans.factory.BeanCreationException: Error creating bean with name 'entityManagerFactory' defined in class path resource [org/springframework/boot/autoconfigure/orm/jpa/HibernateJpaConfiguration.class]: Invocation of init method failed; nested exception is javax.persistence.PersistenceException: [PersistenceUnit: default] Unable to build Hibernate SessionFactory; nested exception is org.hibernate.tool.schema.spi.SchemaManagementException: Schema-validation: missing table [administrator]
ERROR [org.springframework.boot.SpringApplication] at org.springframework.beans.factory.support.AbstractAutowireCapableBeanFactory.initializeBean(AbstractAutowireCapableBeanFactory.java:1788): Error creating bean with name 'entityManagerFactory' defined in class path resource [org/springframework/boot/autoconfigure/orm/jpa/HibernateJpaConfiguration.class]: Invocation of init method failed; nested exception is javax.persistence.PersistenceException: [PersistenceUnit: default] Unable to build Hibernate SessionFactory; nested exception is org.hibernate.tool.schema.spi.SchemaManagementException: Schema-validation: missing table [administrator]
at org.springframework.orm.jpa.AbstractEntityManagerFactoryBean.buildNativeEntityManagerFactory(AbstractEntityManagerFactoryBean.java:421): [PersistenceUnit: default] Unable to build Hibernate SessionFactory; nested exception is org.hibernate.tool.schema.spi.SchemaManagementException: Schema-validation: missing table [administrator]
at org.hibernate.tool.schema.internal.AbstractSchemaValidator.validateTable(AbstractSchemaValidator.java:121): Schema-validation: missing table [administrator]
ERROR [org.springframework.orm.jpa.LocalContainerEntityManagerFactoryBean] Failed to initialize JPA EntityManagerFactory: [PersistenceUnit: default] Unable to build Hibernate SessionFactory; nested exception is org.hibernate.tool.schema.spi.SchemaManagementException: Schema-validation: missing table [administrator]
WARN [org.springframework.boot.web.servlet.context.AnnotationConfigServletWebServerApplicationContext] Exception encountered during context initialization - cancelling refresh attempt: org.springframework.beans.factory.BeanCreationException: Error creating bean with name 'entityManagerFactory' defined in class path resource [org/springframework/boot/autoconfigure/orm/jpa/HibernateJpaConfiguration.class]: Invocation of init method failed; nested exception is javax.persistence.PersistenceException: [PersistenceUnit: default] Unable to build Hibernate SessionFactory; nested exception is org.hibernate.tool.schema.spi.SchemaManagementException: Schema-validation: missing table [administrator]
ERROR [org.springframework.boot.SpringApplication] at org.springframework.beans.factory.support.AbstractAutowireCapableBeanFactory.initializeBean(AbstractAutowireCapableBeanFactory.java:1788): Error creating bean with name 'entityManagerFactory' defined in class path resource [org/springframework/boot/autoconfigure/orm/jpa/HibernateJpaConfiguration.class]: Invocation of init method failed; nested exception is javax.persistence.PersistenceException: [PersistenceUnit: default] Unable to build Hibernate SessionFactory; nested exception is org.hibernate.tool.schema.spi.SchemaManagementException: Schema-validation: missing table [administrator]
at org.springframework.orm.jpa.AbstractEntityManagerFactoryBean.buildNativeEntityManagerFactory(AbstractEntityManagerFactoryBean.java:421): [PersistenceUnit: default] Unable to build Hibernate SessionFactory; nested exception is org.hibernate.tool.schema.spi.SchemaManagementException: Schema-validation: missing table [administrator]
at org.hibernate.tool.schema.internal.AbstractSchemaValidator.validateTable(AbstractSchemaValidator.java:121): Schema-validation: missing table [administrator]
ERROR [com.zaxxer.hikari.pool.HikariPool] at com.mysql.cj.jdbc.exceptions.SQLError.createCommunicationsException(SQLError.java:174): Communications link failure
The last packet sent successfully to the server was 0 milliseconds ago. The driver has not received any packets from the server.
at sun.reflect.NativeConstructorAccessorImpl.newInstance0(Native Method): Communications link failure
The last packet sent successfully to the server was 0 milliseconds ago. The driver has not received any packets from the server.
at java.net.DualStackPlainSocketImpl.waitForConnect(Native Method): Connection refused: connect
WARN [org.hibernate.engine.jdbc.env.internal.JdbcEnvironmentInitiator] at com.mysql.cj.jdbc.exceptions.SQLError.createCommunicationsException(SQLError.java:174): Communications link failure
The last packet sent successfully to the server was 0 milliseconds ago. The driver has not received any packets from the server.
at sun.reflect.NativeConstructorAccessorImpl.newInstance0(Native Method): Communications link failure
The last packet sent successfully to the server was 0 milliseconds ago. The driver has not received any packets from the server.
at java.net.DualStackPlainSocketImpl.waitForConnect(Native Method): Connection refused: connect
ERROR [org.springframework.orm.jpa.LocalContainerEntityManagerFactoryBean] Failed to initialize JPA EntityManagerFactory: Unable to create requested service [org.hibernate.engine.jdbc.env.spi.JdbcEnvironment]
WARN [org.springframework.boot.web.servlet.context.AnnotationConfigServletWebServerApplicationContext] Exception encountered during context initialization - cancelling refresh attempt: org.springframework.beans.factory.BeanCreationException: Error creating bean with name 'entityManagerFactory' defined in class path resource [org/springframework/boot/autoconfigure/orm/jpa/HibernateJpaConfiguration.class]: Invocation of init method failed; nested exception is org.hibernate.service.spi.ServiceException: Unable to create requested service [org.hibernate.engine.jdbc.env.spi.JdbcEnvironment]
ERROR [org.springframework.boot.SpringApplication] at org.springframework.beans.factory.support.AbstractAutowireCapableBeanFactory.initializeBean(AbstractAutowireCapableBeanFactory.java:1788): Error creating bean with name 'entityManagerFactory' defined in class path resource [org/springframework/boot/autoconfigure/orm/jpa/HibernateJpaConfiguration.class]: Invocation of init method failed; nested exception is org.hibernate.service.spi.ServiceException: Unable to create requested service [org.hibernate.engine.jdbc.env.spi.JdbcEnvironment]
at org.hibernate.service.internal.AbstractServiceRegistryImpl.createService(AbstractServiceRegistryImpl.java:275): Unable to create requested service [org.hibernate.engine.jdbc.env.spi.JdbcEnvironment]
at org.hibernate.engine.jdbc.dialect.internal.DialectFactoryImpl.determineDialect(DialectFactoryImpl.java:100): Access to DialectResolutionInfo cannot be null when 'hibernate.dialect' not set
INFO [acme.Launcher] Starting Launcher using Java 1.8.0_281 on LAPTOP-QLM6LFEK with PID 18996 (C:\Users\Francisco\Desktop\Workspace-21.1\Projects\Acme-Planner\target\classes started by Francisco in C:\Users\Francisco\Desktop\Workspace-21.1\Projects\Acme-Planner)
INFO [acme.Launcher] The following profiles are active: development,populator
INFO [acme.Launcher] Started Launcher in 27.949 seconds (JVM running for 29.017)
INFO [acme.framework.utilities.DatabasePopulator] Populating initial data
INFO [acme.framework.utilities.DatabasePopulator] Recreating schema
INFO [acme.framework.utilities.DatabasePopulator] Populating entities from classpath:/WEB-INF/population/initial-data.xml
INFO [acme.framework.utilities.DatabasePopulator] Validating your entities.
INFO [acme.framework.utilities.DatabasePopulator] Validating anonymousUserAccount ... PASS
INFO [acme.framework.utilities.DatabasePopulator] Validating anonymousAnonymous ... PASS
INFO [acme.framework.utilities.DatabasePopulator] Validating administratorUserAccount ... PASS
INFO [acme.framework.utilities.DatabasePopulator] Validating administratorAdministrator ... PASS
INFO [acme.framework.utilities.DatabasePopulator] Validating administratorAuthenticated ... PASS
INFO [acme.framework.utilities.DatabasePopulator] Sorting your entities topologically.
INFO [acme.framework.utilities.DatabasePopulator] > Setting index 0 for anonymousUserAccount.
INFO [acme.framework.utilities.DatabasePopulator] > Setting index 1 for anonymousAnonymous.
INFO [acme.framework.utilities.DatabasePopulator] > Setting index 2 for administratorUserAccount.
INFO [acme.framework.utilities.DatabasePopulator] > Setting index 3 for administratorAdministrator.
INFO [acme.framework.utilities.DatabasePopulator] > Setting index 4 for administratorAuthenticated.
INFO [acme.framework.utilities.DatabasePopulator] Persiting your entities.
INFO [acme.framework.utilities.DatabasePopulator] > Persisting anonymousUserAccount = acme.framework.entities.UserAccount{id=1, version=0}
INFO [acme.framework.utilities.DatabasePopulator] > Persisting anonymousAnonymous = acme.framework.entities.Anonymous{id=2, version=0}
INFO [acme.framework.utilities.DatabasePopulator] > Persisting administratorUserAccount = acme.framework.entities.UserAccount{id=3, version=0}
INFO [acme.framework.utilities.DatabasePopulator] > Persisting administratorAdministrator = acme.framework.entities.Administrator{id=4, version=0}
INFO [acme.framework.utilities.DatabasePopulator] > Persisting administratorAuthenticated = acme.framework.entities.Authenticated{id=5, version=0}
INFO [acme.framework.configuration.ShutdownConfiguration] The system is shutting down...
INFO [acme.Launcher] Starting Launcher using Java 1.8.0_281 on LAPTOP-QLM6LFEK with PID 19232 (C:\Users\Francisco\Desktop\Workspace-21.1\Projects\Acme-Planner\target\classes started by Francisco in C:\Users\Francisco\Desktop\Workspace-21.1\Projects\Acme-Planner)
INFO [acme.Launcher] The following profiles are active: development,populator
INFO [acme.Launcher] Started Launcher in 12.074 seconds (JVM running for 12.98)
INFO [acme.framework.utilities.DatabasePopulator] Populating sample data
INFO [acme.framework.utilities.DatabasePopulator] Recreating schema
INFO [acme.framework.utilities.DatabasePopulator] Populating entities from classpath:/WEB-INF/population/initial-data.xml
INFO [acme.framework.utilities.DatabasePopulator] Validating your entities.
INFO [acme.framework.utilities.DatabasePopulator] Validating anonymousUserAccount ... PASS
INFO [acme.framework.utilities.DatabasePopulator] Validating anonymousAnonymous ... PASS
INFO [acme.framework.utilities.DatabasePopulator] Validating administratorUserAccount ... PASS
INFO [acme.framework.utilities.DatabasePopulator] Validating administratorAdministrator ... PASS
INFO [acme.framework.utilities.DatabasePopulator] Validating administratorAuthenticated ... PASS
INFO [acme.framework.utilities.DatabasePopulator] Sorting your entities topologically.
INFO [acme.framework.utilities.DatabasePopulator] > Setting index 0 for anonymousUserAccount.
INFO [acme.framework.utilities.DatabasePopulator] > Setting index 1 for anonymousAnonymous.
INFO [acme.framework.utilities.DatabasePopulator] > Setting index 2 for administratorUserAccount.
INFO [acme.framework.utilities.DatabasePopulator] > Setting index 3 for administratorAdministrator.
INFO [acme.framework.utilities.DatabasePopulator] > Setting index 4 for administratorAuthenticated.
INFO [acme.framework.utilities.DatabasePopulator] Persiting your entities.
INFO [acme.framework.utilities.DatabasePopulator] > Persisting anonymousUserAccount = acme.framework.entities.UserAccount{id=1, version=0}
INFO [acme.framework.utilities.DatabasePopulator] > Persisting anonymousAnonymous = acme.framework.entities.Anonymous{id=2, version=0}
INFO [acme.framework.utilities.DatabasePopulator] > Persisting administratorUserAccount = acme.framework.entities.UserAccount{id=3, version=0}
INFO [acme.framework.utilities.DatabasePopulator] > Persisting administratorAdministrator = acme.framework.entities.Administrator{id=4, version=0}
INFO [acme.framework.utilities.DatabasePopulator] > Persisting administratorAuthenticated = acme.framework.entities.Authenticated{id=5, version=0}
INFO [acme.framework.utilities.DatabasePopulator] Populating entities from classpath:/WEB-INF/population/sample-data.xml
INFO [acme.framework.utilities.DatabasePopulator] Validating your entities.
INFO [acme.framework.utilities.DatabasePopulator] Validating shout01 ... PASS
INFO [acme.framework.utilities.DatabasePopulator] Validating shout02 ... PASS
INFO [acme.framework.utilities.DatabasePopulator] Validating shout03 ... PASS
INFO [acme.framework.utilities.DatabasePopulator] Sorting your entities topologically.
INFO [acme.framework.utilities.DatabasePopulator] > Setting index 0 for shout01.
INFO [acme.framework.utilities.DatabasePopulator] > Setting index 1 for shout02.
INFO [acme.framework.utilities.DatabasePopulator] > Setting index 2 for shout03.
INFO [acme.framework.utilities.DatabasePopulator] Persiting your entities.
INFO [acme.framework.utilities.DatabasePopulator] > Persisting shout01 = acme.entities.shouts.Shout{id=6, version=0}
INFO [acme.framework.utilities.DatabasePopulator] > Persisting shout02 = acme.entities.shouts.Shout{id=7, version=0}
INFO [acme.framework.utilities.DatabasePopulator] > Persisting shout03 = acme.entities.shouts.Shout{id=8, version=0}
INFO [acme.framework.configuration.ShutdownConfiguration] The system is shutting down...
ERROR [org.apache.jsp.WEB_002dINF.views.framework.panic_jsp] HTTP GET /Starter-Project/WEB-INF/views/framework/page.jsp HTTP/1.1
ERROR [org.apache.jsp.WEB_002dINF.views.framework.panic_jsp] Status: 500
ERROR [org.apache.jsp.WEB_002dINF.views.framework.panic_jsp] Exception: java.lang.AssertionError
ERROR [org.apache.jsp.WEB_002dINF.views.framework.panic_jsp] HTTP GET /Starter-Project/WEB-INF/views/framework/page.jsp HTTP/1.1
ERROR [org.apache.jsp.WEB_002dINF.views.framework.panic_jsp] Status: 500
ERROR [org.apache.jsp.WEB_002dINF.views.framework.panic_jsp] Exception: java.lang.AssertionError
ERROR [org.apache.jsp.WEB_002dINF.views.framework.panic_jsp] HTTP POST /Starter-Project/WEB-INF/views/framework/page.jsp HTTP/1.1
ERROR [org.apache.jsp.WEB_002dINF.views.framework.panic_jsp] Status: 500
ERROR [org.apache.jsp.WEB_002dINF.views.framework.panic_jsp] Exception: acme.framework.helpers.Assert.state(Assert.java:45): Access is not authorised
ERROR [org.apache.jsp.WEB_002dINF.views.framework.panic_jsp] HTTP GET /Starter-Project/WEB-INF/views/framework/page.jsp HTTP/1.1
ERROR [org.apache.jsp.WEB_002dINF.views.framework.panic_jsp] Status: 500
ERROR [org.apache.jsp.WEB_002dINF.views.framework.panic_jsp] Exception: acme.framework.helpers.Assert.state(Assert.java:45): End-point not available
ERROR [org.apache.jsp.WEB_002dINF.views.framework.panic_jsp] HTTP GET /Starter-Project/WEB-INF/views/framework/page.jsp HTTP/1.1
ERROR [org.apache.jsp.WEB_002dINF.views.framework.panic_jsp] Status: 500
ERROR [org.apache.jsp.WEB_002dINF.views.framework.panic_jsp] Exception: acme.framework.helpers.Assert.state(Assert.java:45): Access is not authorised
ERROR [org.apache.jsp.WEB_002dINF.views.framework.panic_jsp] HTTP GET /Starter-Project/WEB-INF/views/framework/page.jsp HTTP/1.1
ERROR [org.apache.jsp.WEB_002dINF.views.framework.panic_jsp] Status: 500
ERROR [org.apache.jsp.WEB_002dINF.views.framework.panic_jsp] Exception: acme.framework.helpers.Assert.state(Assert.java:45): End-point not available
ERROR [org.apache.jsp.WEB_002dINF.views.framework.panic_jsp] HTTP POST /Starter-Project/WEB-INF/views/framework/page.jsp HTTP/1.1
ERROR [org.apache.jsp.WEB_002dINF.views.framework.panic_jsp] Status: 500
ERROR [org.apache.jsp.WEB_002dINF.views.framework.panic_jsp] Exception: acme.framework.helpers.Assert.state(Assert.java:45): Access is not authorised
ERROR [org.apache.jsp.WEB_002dINF.views.framework.panic_jsp] HTTP GET /Starter-Project/WEB-INF/views/framework/page.jsp HTTP/1.1
ERROR [org.apache.jsp.WEB_002dINF.views.framework.panic_jsp] Status: 404
ERROR [org.apache.jsp.WEB_002dINF.views.framework.panic_jsp] HTTP GET /Starter-Project/WEB-INF/views/framework/page.jsp HTTP/1.1
ERROR [org.apache.jsp.WEB_002dINF.views.framework.panic_jsp] Status: 404
ERROR [org.apache.jsp.WEB_002dINF.views.framework.panic_jsp] HTTP GET /Starter-Project/WEB-INF/views/framework/page.jsp HTTP/1.1
ERROR [org.apache.jsp.WEB_002dINF.views.framework.panic_jsp] Status: 500
ERROR [org.apache.jsp.WEB_002dINF.views.framework.panic_jsp] Exception: acme.framework.helpers.Assert.state(Assert.java:45): Access is not authorised
ERROR [org.apache.jsp.WEB_002dINF.views.framework.panic_jsp] HTTP GET /Starter-Project/WEB-INF/views/framework/page.jsp HTTP/1.1
ERROR [org.apache.jsp.WEB_002dINF.views.framework.panic_jsp] Status: 500
ERROR [org.apache.jsp.WEB_002dINF.views.framework.panic_jsp] Exception: acme.framework.helpers.Assert.state(Assert.java:45): End-point not available
ERROR [org.apache.jsp.WEB_002dINF.views.framework.panic_jsp] HTTP GET /Starter-Project/WEB-INF/views/framework/page.jsp HTTP/1.1
ERROR [org.apache.jsp.WEB_002dINF.views.framework.panic_jsp] Status: 404
ERROR [org.apache.jsp.WEB_002dINF.views.framework.panic_jsp] HTTP GET /Acme-Planner/WEB-INF/views/framework/page.jsp HTTP/1.1
ERROR [org.apache.jsp.WEB_002dINF.views.framework.panic_jsp] Status: 500
ERROR [org.apache.jsp.WEB_002dINF.views.framework.panic_jsp] Exception: java.lang.AssertionError
WARN [org.springframework.boot.web.servlet.context.AnnotationConfigServletWebServerApplicationContext] Exception encountered during context initialization - cancelling refresh attempt: org.springframework.beans.factory.UnsatisfiedDependencyException: Error creating bean with name 'anonymousTaskController': Unsatisfied dependency expressed through field 'listService'; nested exception is org.springframework.beans.factory.UnsatisfiedDependencyException: Error creating bean with name 'anonymousTaskListService': Unsatisfied dependency expressed through field 'repository'; nested exception is org.springframework.beans.factory.BeanCreationException: Error creating bean with name 'anonymousTaskRepository' defined in acme.features.anonymous.task.AnonymousTaskRepository defined in @EnableJpaRepositories declared on JpaRepositoriesRegistrar.EnableJpaRepositoriesConfiguration: Invocation of init method failed; nested exception is java.lang.IllegalArgumentException: Validation failed for query for method public abstract java.util.Collection acme.features.anonymous.task.AnonymousTaskRepository.findTask()!
ERROR [org.springframework.boot.SpringApplication] at org.springframework.beans.factory.annotation.AutowiredAnnotationBeanPostProcessor$AutowiredFieldElement.inject(AutowiredAnnotationBeanPostProcessor.java:643): Error creating bean with name 'anonymousTaskController': Unsatisfied dependency expressed through field 'listService'; nested exception is org.springframework.beans.factory.UnsatisfiedDependencyException: Error creating bean with name 'anonymousTaskListService': Unsatisfied dependency expressed through field 'repository'; nested exception is org.springframework.beans.factory.BeanCreationException: Error creating bean with name 'anonymousTaskRepository' defined in acme.features.anonymous.task.AnonymousTaskRepository defined in @EnableJpaRepositories declared on JpaRepositoriesRegistrar.EnableJpaRepositoriesConfiguration: Invocation of init method failed; nested exception is java.lang.IllegalArgumentException: Validation failed for query for method public abstract java.util.Collection acme.features.anonymous.task.AnonymousTaskRepository.findTask()!
at org.springframework.beans.factory.annotation.AutowiredAnnotationBeanPostProcessor$AutowiredFieldElement.inject(AutowiredAnnotationBeanPostProcessor.java:643): Error creating bean with name 'anonymousTaskListService': Unsatisfied dependency expressed through field 'repository'; nested exception is org.springframework.beans.factory.BeanCreationException: Error creating bean with name 'anonymousTaskRepository' defined in acme.features.anonymous.task.AnonymousTaskRepository defined in @EnableJpaRepositories declared on JpaRepositoriesRegistrar.EnableJpaRepositoriesConfiguration: Invocation of init method failed; nested exception is java.lang.IllegalArgumentException: Validation failed for query for method public abstract java.util.Collection acme.features.anonymous.task.AnonymousTaskRepository.findTask()!
at org.springframework.beans.factory.support.AbstractAutowireCapableBeanFactory.initializeBean(AbstractAutowireCapableBeanFactory.java:1788): Error creating bean with name 'anonymousTaskRepository' defined in acme.features.anonymous.task.AnonymousTaskRepository defined in @EnableJpaRepositories declared on JpaRepositoriesRegistrar.EnableJpaRepositoriesConfiguration: Invocation of init method failed; nested exception is java.lang.IllegalArgumentException: Validation failed for query for method public abstract java.util.Collection acme.features.anonymous.task.AnonymousTaskRepository.findTask()!
at org.springframework.data.jpa.repository.query.SimpleJpaQuery.validateQuery(SimpleJpaQuery.java:93): Validation failed for query for method public abstract java.util.Collection acme.features.anonymous.task.AnonymousTaskRepository.findTask()!
at org.hibernate.internal.ExceptionConverterImpl.convert(ExceptionConverterImpl.java:138): org.hibernate.QueryException: unexpected char: '&' [select t from acme.entities.tasks.Task t where t.publica = true && t.finish=false]
at org.hibernate.hql.internal.ast.QueryTranslatorImpl.doCompile(QueryTranslatorImpl.java:236): unexpected char: '&' [select t from acme.entities.tasks.Task t where t.publica = true && t.finish=false]
WARN [org.springframework.boot.web.servlet.context.AnnotationConfigServletWebServerApplicationContext] Exception encountered during context initialization - cancelling refresh attempt: org.springframework.context.ApplicationContextException: Failed to start bean 'webServerStartStop'; nested exception is org.springframework.boot.web.server.PortInUseException: Port 8080 is already in use
ERROR [org.springframework.boot.diagnostics.LoggingFailureAnalysisReporter] ***************************
APPLICATION FAILED TO START
***************************
Description:
Web server failed to start. Port 8080 was already in use.
Action:
Identify and stop the process that's listening on port 8080 or configure this application to listen on another port.
ERROR [org.apache.jsp.WEB_002dINF.views.framework.panic_jsp] HTTP GET /Acme-Planner/WEB-INF/views/framework/page.jsp HTTP/1.1
ERROR [org.apache.jsp.WEB_002dINF.views.framework.panic_jsp] Status: 500
ERROR [org.apache.jsp.WEB_002dINF.views.framework.panic_jsp] Exception: java.lang.AssertionError
WARN [org.springframework.boot.web.servlet.context.AnnotationConfigServletWebServerApplicationContext] Exception encountered during context initialization - cancelling refresh attempt: org.springframework.context.ApplicationContextException: Failed to start bean 'webServerStartStop'; nested exception is org.springframework.boot.web.server.PortInUseException: Port 8080 is already in use
ERROR [org.springframework.boot.diagnostics.LoggingFailureAnalysisReporter] ***************************
APPLICATION FAILED TO START
***************************
Description:
Web server failed to start. Port 8080 was already in use.
Action:
Identify and stop the process that's listening on port 8080 or configure this application to listen on another port.
ERROR [org.apache.jsp.WEB_002dINF.views.framework.panic_jsp] HTTP GET /Acme-Planner/WEB-INF/views/framework/page.jsp HTTP/1.1
ERROR [org.apache.jsp.WEB_002dINF.views.framework.panic_jsp] Status: 500
ERROR [org.apache.jsp.WEB_002dINF.views.framework.panic_jsp] Exception: java.lang.AssertionError
WARN [org.springframework.boot.web.servlet.context.AnnotationConfigServletWebServerApplicationContext] Exception encountered during context initialization - cancelling refresh attempt: org.springframework.context.ApplicationContextException: Failed to start bean 'webServerStartStop'; nested exception is org.springframework.boot.web.server.PortInUseException: Port 8080 is already in use
ERROR [org.springframework.boot.diagnostics.LoggingFailureAnalysisReporter] ***************************
APPLICATION FAILED TO START
***************************
Description:
Web server failed to start. Port 8080 was already in use.
Action:
Identify and stop the process that's listening on port 8080 or configure this application to listen on another port.
ERROR [org.apache.jsp.WEB_002dINF.views.framework.panic_jsp] HTTP GET /Acme-Planner/WEB-INF/views/framework/page.jsp HTTP/1.1
ERROR [org.apache.jsp.WEB_002dINF.views.framework.panic_jsp] Status: 500
ERROR [org.apache.jsp.WEB_002dINF.views.framework.panic_jsp] Exception: java.lang.AssertionError
WARN [com.zaxxer.hikari.pool.HikariPool] {} - Thread starvation or clock leap detected (housekeeper delta={}).
ERROR [org.apache.jsp.WEB_002dINF.views.framework.panic_jsp] HTTP GET /Acme-Planner/WEB-INF/views/framework/page.jsp HTTP/1.1
ERROR [org.apache.jsp.WEB_002dINF.views.framework.panic_jsp] Status: 500
ERROR [org.apache.jsp.WEB_002dINF.views.framework.panic_jsp] Exception: java.lang.AssertionError
ERROR [org.apache.jsp.WEB_002dINF.views.framework.panic_jsp] HTTP GET /Acme-Planner/WEB-INF/views/framework/page.jsp HTTP/1.1
ERROR [org.apache.jsp.WEB_002dINF.views.framework.panic_jsp] Status: 500
ERROR [org.apache.jsp.WEB_002dINF.views.framework.panic_jsp] Exception: java.lang.AssertionError
ERROR [org.apache.catalina.core.ContainerBase.[Tomcat].[localhost].[/Acme-Planner].[dispatcherServlet]] at acme.framework.utilities.RememberMeLogoutHandler.logout(RememberMeLogoutHandler.java:31): java.lang.AssertionError
ERROR [org.apache.jsp.WEB_002dINF.views.framework.panic_jsp] HTTP GET /Acme-Planner/WEB-INF/views/framework/page.jsp HTTP/1.1
ERROR [org.apache.jsp.WEB_002dINF.views.framework.panic_jsp] Status: 500
ERROR [org.apache.jsp.WEB_002dINF.views.framework.panic_jsp] Exception: org.apache.catalina.core.ApplicationFilterChain.internalDoFilter(ApplicationFilterChain.java:200): Filter execution threw an exception
java.lang.AssertionError
WARN [org.springframework.boot.web.servlet.context.AnnotationConfigServletWebServerApplicationContext] Exception encountered during context initialization - cancelling refresh attempt: org.springframework.beans.factory.UnsatisfiedDependencyException: Error creating bean with name 'authenticatedTaskController': Unsatisfied dependency expressed through field 'showService'; nested exception is org.springframework.beans.factory.NoSuchBeanDefinitionException: No qualifying bean of type 'acme.features.authenticated.task.AuthenticatedTaskShowService' available: expected at least 1 bean which qualifies as autowire candidate. Dependency annotations: {@org.springframework.beans.factory.annotation.Autowired(required=true)}
ERROR [org.springframework.boot.diagnostics.LoggingFailureAnalysisReporter] ***************************
APPLICATION FAILED TO START
***************************
Description:
Field showService in acme.features.authenticated.task.AuthenticatedTaskController required a bean of type 'acme.features.authenticated.task.AuthenticatedTaskShowService' that could not be found.
The injection point has the following annotations:
- @org.springframework.beans.factory.annotation.Autowired(required=true)
Action:
Consider defining a bean of type 'acme.features.authenticated.task.AuthenticatedTaskShowService' in your configuration.
ERROR [org.apache.jsp.WEB_002dINF.views.framework.panic_jsp] HTTP GET /Acme-Planner/WEB-INF/views/framework/page.jsp HTTP/1.1
ERROR [org.apache.jsp.WEB_002dINF.views.framework.panic_jsp] Status: 500
ERROR [org.apache.jsp.WEB_002dINF.views.framework.panic_jsp] Exception: acme.framework.helpers.Assert.state(Assert.java:45): End-point no disponible
